2019-04-01 11:16:30.133  WARN 4624 --- [HikariPool-1 housekeeper] com.zaxxer.hikari.pool.HikariPool        : HikariPool-1 - Thread starvation or clock leap detected (housekeeper delta=1d7h19m45s165ms853µs453ns).
2019-04-01 15:51:54.373 DEBUG 4624 --- [http-nio-8080-exec-10] o.s.web.servlet.DispatcherServlet        : GET "/login?BankCode=9801&WorkerId=98010018&UserPwd=88888888", parameters={masked}
2019-04-01 15:51:54.376 DEBUG 4624 --- [http-nio-8080-exec-10] s.w.s.m.m.a.RequestMappingHandlerMapping : Mapped to public org.springframework.web.servlet.ModelAndView com.topcheer.spdbybt.controller.LoginController.getUsers(java.lang.String,java.lang.String,java.lang.String,javax.servlet.http.HttpServletRequest)
2019-04-01 15:51:54.410 DEBUG 4624 --- [http-nio-8080-exec-10] o.s.w.s.v.ContentNegotiatingViewResolver : Selected 'text/html' given [text/html, application/xhtml+xml, image/webp, image/apng, application/xml;q=0.9, */*;q=0.8]
2019-04-01 15:51:54.432 DEBUG 4624 --- [http-nio-8080-exec-10] o.s.web.servlet.DispatcherServlet        : Completed 200 OK
2019-04-01 15:51:54.485 DEBUG 4624 --- [http-nio-8080-exec-4] o.s.web.servlet.DispatcherServlet        : GET "/style/authority/main_css.css", parameters={}
2019-04-01 15:51:54.487 DEBUG 4624 --- [http-nio-8080-exec-4] o.s.w.s.handler.SimpleUrlHandlerMapping  : Mapped to ResourceHttpRequestHandler ["classpath:/META-INF/resources/", "classpath:/resources/", "classpath:/static/", "/"]
2019-04-01 15:51:54.487 DEBUG 4624 --- [http-nio-8080-exec-5] o.s.web.servlet.DispatcherServlet        : GET "/style/authority/zTreeStyle.css", parameters={}
2019-04-01 15:51:54.490 DEBUG 4624 --- [http-nio-8080-exec-5] o.s.w.s.handler.SimpleUrlHandlerMapping  : Mapped to ResourceHttpRequestHandler ["classpath:/META-INF/resources/", "classpath:/resources/", "classpath:/static/", "/"]
2019-04-01 15:51:54.514 DEBUG 4624 --- [http-nio-8080-exec-3] o.s.web.servlet.DispatcherServlet        : GET "/scripts/zTree/jquery.ztree.core-3.2.js", parameters={}
2019-04-01 15:51:54.517 DEBUG 4624 --- [http-nio-8080-exec-6] o.s.web.servlet.DispatcherServlet        : GET "/scripts/jquery/jquery-1.7.1.js", parameters={}
2019-04-01 15:51:54.521 DEBUG 4624 --- [http-nio-8080-exec-9] o.s.web.servlet.DispatcherServlet        : GET "/scripts/authority/commonAll.js", parameters={}
2019-04-01 15:51:54.522 DEBUG 4624 --- [http-nio-8080-exec-3] o.s.w.s.handler.SimpleUrlHandlerMapping  : Mapped to ResourceHttpRequestHandler ["classpath:/META-INF/resources/", "classpath:/resources/", "classpath:/static/", "/"]
2019-04-01 15:51:54.524 DEBUG 4624 --- [http-nio-8080-exec-9] o.s.w.s.handler.SimpleUrlHandlerMapping  : Mapped to ResourceHttpRequestHandler ["classpath:/META-INF/resources/", "classpath:/resources/", "classpath:/static/", "/"]
2019-04-01 15:51:54.524 DEBUG 4624 --- [http-nio-8080-exec-7] o.s.web.servlet.DispatcherServlet        : GET "/images/common/logo.jpg", parameters={}
2019-04-01 15:51:54.521 DEBUG 4624 --- [http-nio-8080-exec-6] o.s.w.s.handler.SimpleUrlHandlerMapping  : Mapped to ResourceHttpRequestHandler ["classpath:/META-INF/resources/", "classpath:/resources/", "classpath:/static/", "/"]
2019-04-01 15:51:54.528 DEBUG 4624 --- [http-nio-8080-exec-7] o.s.w.s.handler.SimpleUrlHandlerMapping  : Mapped to ResourceHttpRequestHandler ["classpath:/META-INF/resources/", "classpath:/resources/", "classpath:/static/", "/"]
2019-04-01 15:51:54.556 DEBUG 4624 --- [http-nio-8080-exec-6] o.s.web.servlet.DispatcherServlet        : Completed 304 NOT_MODIFIED
2019-04-01 15:51:54.557 DEBUG 4624 --- [http-nio-8080-exec-9] o.s.web.servlet.DispatcherServlet        : Completed 304 NOT_MODIFIED
2019-04-01 15:51:54.569 DEBUG 4624 --- [http-nio-8080-exec-4] o.s.web.servlet.DispatcherServlet        : Completed 304 NOT_MODIFIED
2019-04-01 15:51:54.572 DEBUG 4624 --- [http-nio-8080-exec-5] o.s.web.servlet.DispatcherServlet        : Completed 304 NOT_MODIFIED
2019-04-01 15:51:54.578 DEBUG 4624 --- [http-nio-8080-exec-7] o.s.web.servlet.DispatcherServlet        : Completed 304 NOT_MODIFIED
2019-04-01 15:51:54.582 DEBUG 4624 --- [http-nio-8080-exec-3] o.s.web.servlet.DispatcherServlet        : Completed 304 NOT_MODIFIED
2019-04-01 15:51:54.583 DEBUG 4624 --- [http-nio-8080-exec-8] o.s.web.servlet.DispatcherServlet        : GET "/images/common/month.jpg", parameters={}
2019-04-01 15:51:54.585 DEBUG 4624 --- [http-nio-8080-exec-8] o.s.w.s.handler.SimpleUrlHandlerMapping  : Mapped to ResourceHttpRequestHandler ["classpath:/META-INF/resources/", "classpath:/resources/", "classpath:/static/", "/"]
2019-04-01 15:51:54.589 DEBUG 4624 --- [http-nio-8080-exec-8] o.s.web.servlet.DispatcherServlet        : Completed 304 NOT_MODIFIED
2019-04-01 15:51:54.663 DEBUG 4624 --- [http-nio-8080-exec-1] o.s.web.servlet.DispatcherServlet        : GET "/images/common/user.jpg", parameters={}
2019-04-01 15:51:54.666 DEBUG 4624 --- [http-nio-8080-exec-1] o.s.w.s.handler.SimpleUrlHandlerMapping  : Mapped to ResourceHttpRequestHandler ["classpath:/META-INF/resources/", "classpath:/resources/", "classpath:/static/", "/"]
2019-04-01 15:51:54.671 DEBUG 4624 --- [http-nio-8080-exec-1] o.s.web.servlet.DispatcherServlet        : Completed 304 NOT_MODIFIED
2019-04-01 15:51:54.678 DEBUG 4624 --- [http-nio-8080-exec-1] o.s.web.servlet.DispatcherServlet        : GET "/images/common/date.jpg", parameters={}
2019-04-01 15:51:54.680 DEBUG 4624 --- [http-nio-8080-exec-1] o.s.w.s.handler.SimpleUrlHandlerMapping  : Mapped to ResourceHttpRequestHandler ["classpath:/META-INF/resources/", "classpath:/resources/", "classpath:/static/", "/"]
2019-04-01 15:51:54.689 DEBUG 4624 --- [http-nio-8080-exec-1] o.s.web.servlet.DispatcherServlet        : Completed 304 NOT_MODIFIED
2019-04-01 15:51:54.868 DEBUG 4624 --- [http-nio-8080-exec-10] o.s.web.servlet.DispatcherServlet        : GET "/images/common/close.jpg", parameters={}
2019-04-01 15:51:54.872 DEBUG 4624 --- [http-nio-8080-exec-10] o.s.w.s.handler.SimpleUrlHandlerMapping  : Mapped to ResourceHttpRequestHandler ["classpath:/META-INF/resources/", "classpath:/resources/", "classpath:/static/", "/"]
2019-04-01 15:51:54.881 DEBUG 4624 --- [http-nio-8080-exec-6] o.s.web.servlet.DispatcherServlet        : GET "/images/common/1_hover.jpg", parameters={}
2019-04-01 15:51:54.895 DEBUG 4624 --- [http-nio-8080-exec-5] o.s.web.servlet.DispatcherServlet        : GET "/images/common/nav_hide.png", parameters={}
2019-04-01 15:51:54.901 DEBUG 4624 --- [http-nio-8080-exec-10] o.s.web.servlet.DispatcherServlet        : Completed 304 NOT_MODIFIED
2019-04-01 15:51:55.023 DEBUG 4624 --- [http-nio-8080-exec-6] o.s.w.s.handler.SimpleUrlHandlerMapping  : Mapped to ResourceHttpRequestHandler ["classpath:/META-INF/resources/", "classpath:/resources/", "classpath:/static/", "/"]
2019-04-01 15:51:55.023 DEBUG 4624 --- [http-nio-8080-exec-5] o.s.w.s.handler.SimpleUrlHandlerMapping  : Mapped to ResourceHttpRequestHandler ["classpath:/META-INF/resources/", "classpath:/resources/", "classpath:/static/", "/"]
2019-04-01 15:51:54.895 DEBUG 4624 --- [http-nio-8080-exec-9] o.s.web.servlet.DispatcherServlet        : GET "/images/common/2.jpg", parameters={}
2019-04-01 15:51:55.026 DEBUG 4624 --- [http-nio-8080-exec-6] o.s.web.servlet.DispatcherServlet        : Completed 304 NOT_MODIFIED
2019-04-01 15:51:54.898 DEBUG 4624 --- [http-nio-8080-exec-7] o.s.web.servlet.DispatcherServlet        : GET "/images/common/module_1.png", parameters={}
2019-04-01 15:51:55.029 DEBUG 4624 --- [http-nio-8080-exec-9] o.s.w.s.handler.SimpleUrlHandlerMapping  : Mapped to ResourceHttpRequestHandler ["classpath:/META-INF/resources/", "classpath:/resources/", "classpath:/static/", "/"]
2019-04-01 15:51:54.899 DEBUG 4624 --- [http-nio-8080-exec-4] o.s.web.servlet.DispatcherServlet        : GET "/images/common/3.jpg", parameters={}
2019-04-01 15:51:55.032 DEBUG 4624 --- [http-nio-8080-exec-7] o.s.w.s.handler.SimpleUrlHandlerMapping  : Mapped to ResourceHttpRequestHandler ["classpath:/META-INF/resources/", "classpath:/resources/", "classpath:/static/", "/"]
2019-04-01 15:51:55.033 DEBUG 4624 --- [http-nio-8080-exec-5] o.s.web.servlet.DispatcherServlet        : Completed 304 NOT_MODIFIED
2019-04-01 15:51:55.035 DEBUG 4624 --- [http-nio-8080-exec-7] o.s.web.servlet.DispatcherServlet        : Completed 304 NOT_MODIFIED
2019-04-01 15:51:55.025 DEBUG 4624 --- [http-nio-8080-exec-10] o.s.web.servlet.DispatcherServlet        : GET "/introduce.html", parameters={}
2019-04-01 15:51:55.036 DEBUG 4624 --- [http-nio-8080-exec-9] o.s.web.servlet.DispatcherServlet        : Completed 304 NOT_MODIFIED
2019-04-01 15:51:55.035 DEBUG 4624 --- [http-nio-8080-exec-4] o.s.w.s.handler.SimpleUrlHandlerMapping  : Mapped to ResourceHttpRequestHandler ["classpath:/META-INF/resources/", "classpath:/resources/", "classpath:/static/", "/"]
2019-04-01 15:51:55.038 DEBUG 4624 --- [http-nio-8080-exec-10] o.s.w.s.handler.SimpleUrlHandlerMapping  : Mapped to ResourceHttpRequestHandler ["classpath:/META-INF/resources/", "classpath:/resources/", "classpath:/static/", "/"]
2019-04-01 15:51:55.040 DEBUG 4624 --- [http-nio-8080-exec-4] o.s.web.servlet.DispatcherServlet        : Completed 304 NOT_MODIFIED
2019-04-01 15:51:55.078 DEBUG 4624 --- [http-nio-8080-exec-3] o.s.web.servlet.DispatcherServlet        : POST "/menuinit?resourceType=YEWUMOKUAI", parameters={masked}
2019-04-01 15:51:55.043 DEBUG 4624 --- [http-nio-8080-exec-10] o.s.web.servlet.DispatcherServlet        : Completed 304 NOT_MODIFIED
2019-04-01 15:51:55.130 DEBUG 4624 --- [http-nio-8080-exec-3] s.w.s.m.m.a.RequestMappingHandlerMapping : Mapped to public java.util.List com.topcheer.spdbybt.controller.MenuControl.menuinit(java.lang.String)
2019-04-01 15:51:55.133 DEBUG 4624 --- [http-nio-8080-exec-3] m.m.a.RequestResponseBodyMethodProcessor : Using 'application/json', given [application/json, text/javascript, */*;q=0.01] and supported [application/json, application/*+json, application/json, application/*+json]
2019-04-01 15:51:55.134 DEBUG 4624 --- [http-nio-8080-exec-3] m.m.a.RequestResponseBodyMethodProcessor : Writing [[com.topcheer.spdbybt.entity.Menu@a13a9ce, com.topcheer.spdbybt.entity.Menu@4de489ec, com.topcheer.spdbybt.entity.Menu@6b1d42e6, com.topcheer.spdbybt.entity.Menu@5c8370ba, com.topcheer.spdbybt.entity.Menu@4bc9ff3d, com.topcheer.spdbybt.entity.Menu@228bb441, com.topcheer.spdbybt.entity.Menu@2300d884, com.topcheer.spdbybt.entity.Menu@64417afe, com.topcheer.spdbybt.entity.Menu@6075515c, com.topcheer.spdbybt.entity.Menu@1fa3c8af, com.topcheer.spdbybt.entity.Menu@3a42e727, com.topcheer.spdbybt.entity.Menu@55bbec1b, com.topcheer.spdbybt.entity.Menu@1f8eb841, com.topcheer.spdbybt.entity.Menu@1ee9edaf, com.topcheer.spdbybt.entity.Menu@333f5a8a, com.topcheer.spdbybt.entity.Menu@39eeb3c2]]
2019-04-01 15:51:55.143 DEBUG 4624 --- [http-nio-8080-exec-3] o.s.web.servlet.DispatcherServlet        : Completed 200 OK
2019-04-01 15:51:55.212 DEBUG 4624 --- [http-nio-8080-exec-8] o.s.web.servlet.DispatcherServlet        : GET "/images/common/nav_item_v_hover.jpg", parameters={}
2019-04-01 15:51:55.215 DEBUG 4624 --- [http-nio-8080-exec-8] o.s.w.s.handler.SimpleUrlHandlerMapping  : Mapped to ResourceHttpRequestHandler ["classpath:/META-INF/resources/", "classpath:/resources/", "classpath:/static/", "/"]
2019-04-01 15:51:55.216 DEBUG 4624 --- [http-nio-8080-exec-2] o.s.web.servlet.DispatcherServlet        : GET "/images/common/nav_item_plus.jpg", parameters={}
2019-04-01 15:51:55.218 DEBUG 4624 --- [http-nio-8080-exec-8] o.s.web.servlet.DispatcherServlet        : Completed 304 NOT_MODIFIED
2019-04-01 15:51:55.219 DEBUG 4624 --- [http-nio-8080-exec-2] o.s.w.s.handler.SimpleUrlHandlerMapping  : Mapped to ResourceHttpRequestHandler ["classpath:/META-INF/resources/", "classpath:/resources/", "classpath:/static/", "/"]
2019-04-01 15:51:55.222 DEBUG 4624 --- [http-nio-8080-exec-2] o.s.web.servlet.DispatcherServlet        : Completed 304 NOT_MODIFIED
2019-04-01 15:51:55.228 DEBUG 4624 --- [http-nio-8080-exec-1] o.s.web.servlet.DispatcherServlet        : GET "/images/common/nav_item_minus.jpg", parameters={}
2019-04-01 15:51:55.230 DEBUG 4624 --- [http-nio-8080-exec-1] o.s.w.s.handler.SimpleUrlHandlerMapping  : Mapped to ResourceHttpRequestHandler ["classpath:/META-INF/resources/", "classpath:/resources/", "classpath:/static/", "/"]
2019-04-01 15:51:55.259 DEBUG 4624 --- [http-nio-8080-exec-1] o.s.web.servlet.DispatcherServlet        : Completed 304 NOT_MODIFIED
2019-04-01 15:51:55.348 DEBUG 4624 --- [http-nio-8080-exec-6] o.s.web.servlet.DispatcherServlet        : GET "/style/authority/basic_layout.css", parameters={}
2019-04-01 15:51:55.348 DEBUG 4624 --- [http-nio-8080-exec-5] o.s.web.servlet.DispatcherServlet        : GET "/style/authority/common_style.css", parameters={}
2019-04-01 15:51:55.351 DEBUG 4624 --- [http-nio-8080-exec-6] o.s.w.s.handler.SimpleUrlHandlerMapping  : Mapped to ResourceHttpRequestHandler ["classpath:/META-INF/resources/", "classpath:/resources/", "classpath:/static/", "/"]
2019-04-01 15:51:55.353 DEBUG 4624 --- [http-nio-8080-exec-5] o.s.w.s.handler.SimpleUrlHandlerMapping  : Mapped to ResourceHttpRequestHandler ["classpath:/META-INF/resources/", "classpath:/resources/", "classpath:/static/", "/"]
2019-04-01 15:51:55.354 DEBUG 4624 --- [http-nio-8080-exec-6] o.s.web.servlet.DispatcherServlet        : Completed 304 NOT_MODIFIED
2019-04-01 15:51:55.356 DEBUG 4624 --- [http-nio-8080-exec-5] o.s.web.servlet.DispatcherServlet        : Completed 304 NOT_MODIFIED
2019-04-01 15:51:55.411 DEBUG 4624 --- [http-nio-8080-exec-7] o.s.web.servlet.DispatcherServlet        : GET "/favicon.ico", parameters={}
2019-04-01 15:51:55.412 DEBUG 4624 --- [http-nio-8080-exec-7] o.s.w.s.handler.SimpleUrlHandlerMapping  : Mapped to ResourceHttpRequestHandler [class path resource [META-INF/resources/], class path resource [resources/], class path resource [static/], ServletContext resource [/], class path resource []]
2019-04-01 15:51:55.497 DEBUG 4624 --- [http-nio-8080-exec-7] o.s.web.servlet.DispatcherServlet        : Completed 200 OK
2019-04-01 16:16:02.224 DEBUG 4624 --- [http-nio-8080-exec-1] o.s.web.servlet.DispatcherServlet        : POST "/menuinit?resourceType=XITONGMOKUAI", parameters={masked}
2019-04-01 16:16:02.225 DEBUG 4624 --- [http-nio-8080-exec-1] s.w.s.m.m.a.RequestMappingHandlerMapping : Mapped to public java.util.List com.topcheer.spdbybt.controller.MenuControl.menuinit(java.lang.String)
2019-04-01 16:16:02.229 DEBUG 4624 --- [http-nio-8080-exec-1] m.m.a.RequestResponseBodyMethodProcessor : Using 'application/json', given [application/json, text/javascript, */*;q=0.01] and supported [application/json, application/*+json, application/json, application/*+json]
2019-04-01 16:16:02.230 DEBUG 4624 --- [http-nio-8080-exec-1] m.m.a.RequestResponseBodyMethodProcessor : Writing [[com.topcheer.spdbybt.entity.Menu@1b6a1a77, com.topcheer.spdbybt.entity.Menu@4ecc0985, com.topcheer.spdbybt.entity.Menu@bc15a42, com.topcheer.spdbybt.entity.Menu@5325e20e, com.topcheer.spdbybt.entity.Menu@1857e3bf, com.topcheer.spdbybt.entity.Menu@36794111, com.topcheer.spdbybt.entity.Menu@376b0ed6, com.topcheer.spdbybt.entity.Menu@4ba2bfa7, com.topcheer.spdbybt.entity.Menu@6c4fe777, com.topcheer.spdbybt.entity.Menu@10424226, com.topcheer.spdbybt.entity.Menu@7fb0f346, com.topcheer.spdbybt.entity.Menu@21b12490, com.topcheer.spdbybt.entity.Menu@32560b8e, com.topcheer.spdbybt.entity.Menu@30873c90, com.topcheer.spdbybt.entity.Menu@4855d305]]
2019-04-01 16:16:02.235 DEBUG 4624 --- [http-nio-8080-exec-1] o.s.web.servlet.DispatcherServlet        : Completed 200 OK
2019-04-01 16:16:02.243 DEBUG 4624 --- [http-nio-8080-exec-1] o.s.web.servlet.DispatcherServlet        : GET "/images/common/2_hover.jpg", parameters={}
2019-04-01 16:16:02.246 DEBUG 4624 --- [http-nio-8080-exec-1] o.s.w.s.handler.SimpleUrlHandlerMapping  : Mapped to ResourceHttpRequestHandler ["classpath:/META-INF/resources/", "classpath:/resources/", "classpath:/static/", "/"]
2019-04-01 16:16:02.246 DEBUG 4624 --- [http-nio-8080-exec-5] o.s.web.servlet.DispatcherServlet        : GET "/images/common/module_2.png", parameters={}
2019-04-01 16:16:02.248 DEBUG 4624 --- [http-nio-8080-exec-5] o.s.w.s.handler.SimpleUrlHandlerMapping  : Mapped to ResourceHttpRequestHandler ["classpath:/META-INF/resources/", "classpath:/resources/", "classpath:/static/", "/"]
2019-04-01 16:16:02.253 DEBUG 4624 --- [http-nio-8080-exec-1] o.s.web.servlet.DispatcherServlet        : Completed 304 NOT_MODIFIED
2019-04-01 16:16:02.254 DEBUG 4624 --- [http-nio-8080-exec-5] o.s.web.servlet.DispatcherServlet        : Completed 304 NOT_MODIFIED
2019-04-01 16:16:02.257 DEBUG 4624 --- [http-nio-8080-exec-6] o.s.web.servlet.DispatcherServlet        : GET "/images/common/1.jpg", parameters={}
2019-04-01 16:16:02.259 DEBUG 4624 --- [http-nio-8080-exec-6] o.s.w.s.handler.SimpleUrlHandlerMapping  : Mapped to ResourceHttpRequestHandler ["classpath:/META-INF/resources/", "classpath:/resources/", "classpath:/static/", "/"]
2019-04-01 16:16:02.262 DEBUG 4624 --- [http-nio-8080-exec-6] o.s.web.servlet.DispatcherServlet        : Completed 304 NOT_MODIFIED
2019-04-01 16:16:03.154 DEBUG 4624 --- [http-nio-8080-exec-4] o.s.web.servlet.DispatcherServlet        : GET "/sysElementList", parameters={}
2019-04-01 16:16:03.156 DEBUG 4624 --- [http-nio-8080-exec-4] s.w.s.m.m.a.RequestMappingHandlerMapping : Mapped to public org.springframework.web.servlet.ModelAndView com.topcheer.spdbybt.controller.SysElemController.sysElementList(com.topcheer.spdbybt.entity.YbtModuleElems,org.springframework.ui.Model,javax.servlet.http.HttpServletRequest,java.lang.Integer,java.lang.Integer) throws java.lang.Exception
2019-04-01 16:16:03.194  INFO 4624 --- [http-nio-8080-exec-4] c.t.s.controller.SysElemController       : 产品参数设置
2019-04-01 16:16:03.194  INFO 4624 --- [http-nio-8080-exec-4] c.t.s.controller.SysElemController       : 产品网销信息设置
2019-04-01 16:16:03.194  INFO 4624 --- [http-nio-8080-exec-4] c.t.s.controller.SysElemController       : 测试
2019-04-01 16:16:03.194  INFO 4624 --- [http-nio-8080-exec-4] c.t.s.controller.SysElemController       : 测试啊姐姐
2019-04-01 16:16:03.194  INFO 4624 --- [http-nio-8080-exec-4] c.t.s.controller.SysElemController       : 姐姐
2019-04-01 16:16:03.196  INFO 4624 --- [http-nio-8080-exec-4] c.t.s.controller.SysElemController       : [普通写法] - [PageInfo{pageNum=1, pageSize=5, size=5, startRow=1, endRow=5, total=6, pages=2, list=Page{count=true, pageNum=1, pageSize=5, startRow=0, endRow=5, total=6, pages=2, reasonable=false, pageSizeZero=false}[com.topcheer.spdbybt.entity.YbtModuleElems@6cd19d26, com.topcheer.spdbybt.entity.YbtModuleElems@37b9039a, com.topcheer.spdbybt.entity.YbtModuleElems@5f2e4331, com.topcheer.spdbybt.entity.YbtModuleElems@15f0c8da, com.topcheer.spdbybt.entity.YbtModuleElems@75a85fef], prePage=0, nextPage=2, isFirstPage=true, isLastPage=false, hasPreviousPage=false, hasNextPage=true, navigatePages=5, navigateFirstPage=1, navigateLastPage=2, navigatepageNums=[1, 2]}]
2019-04-01 16:16:03.196 DEBUG 4624 --- [http-nio-8080-exec-4] o.s.w.s.v.ContentNegotiatingViewResolver : Selected 'text/html' given [text/html, application/xhtml+xml, image/webp, image/apng, application/xml;q=0.9, */*;q=0.8]
2019-04-01 16:16:03.224 DEBUG 4624 --- [http-nio-8080-exec-4] o.s.web.servlet.DispatcherServlet        : Completed 200 OK
2019-04-01 16:16:03.244 DEBUG 4624 --- [http-nio-8080-exec-10] o.s.web.servlet.DispatcherServlet        : GET "/scripts/fancybox/jquery.fancybox-1.3.4.js", parameters={}
2019-04-01 16:16:03.246 DEBUG 4624 --- [http-nio-8080-exec-10] o.s.w.s.handler.SimpleUrlHandlerMapping  : Mapped to ResourceHttpRequestHandler ["classpath:/META-INF/resources/", "classpath:/resources/", "classpath:/static/", "/"]
2019-04-01 16:16:03.246 DEBUG 4624 --- [http-nio-8080-exec-9] o.s.web.servlet.DispatcherServlet        : GET "/scripts/fancybox/jquery.fancybox-1.3.4.pack.js", parameters={}
2019-04-01 16:16:03.247 DEBUG 4624 --- [http-nio-8080-exec-9] o.s.w.s.handler.SimpleUrlHandlerMapping  : Mapped to ResourceHttpRequestHandler ["classpath:/META-INF/resources/", "classpath:/resources/", "classpath:/static/", "/"]
2019-04-01 16:16:03.253 DEBUG 4624 --- [http-nio-8080-exec-9] o.s.web.servlet.DispatcherServlet        : Completed 304 NOT_MODIFIED
2019-04-01 16:16:03.257 DEBUG 4624 --- [http-nio-8080-exec-9] o.s.web.servlet.DispatcherServlet        : GET "/style/authority/jquery.fancybox-1.3.4.css", parameters={}
2019-04-01 16:16:03.257 DEBUG 4624 --- [http-nio-8080-exec-3] o.s.web.servlet.DispatcherServlet        : GET "/scripts/artDialog/artDialog.js?skin=default", parameters={masked}
2019-04-01 16:16:03.257 DEBUG 4624 --- [http-nio-8080-exec-10] o.s.web.servlet.DispatcherServlet        : Completed 304 NOT_MODIFIED
2019-04-01 16:16:03.259 DEBUG 4624 --- [http-nio-8080-exec-3] o.s.w.s.handler.SimpleUrlHandlerMapping  : Mapped to ResourceHttpRequestHandler ["classpath:/META-INF/resources/", "classpath:/resources/", "classpath:/static/", "/"]
2019-04-01 16:16:03.259 DEBUG 4624 --- [http-nio-8080-exec-9] o.s.w.s.handler.SimpleUrlHandlerMapping  : Mapped to ResourceHttpRequestHandler ["classpath:/META-INF/resources/", "classpath:/resources/", "classpath:/static/", "/"]
2019-04-01 16:16:03.264 DEBUG 4624 --- [http-nio-8080-exec-3] o.s.web.servlet.DispatcherServlet        : Completed 304 NOT_MODIFIED
2019-04-01 16:16:03.264 DEBUG 4624 --- [http-nio-8080-exec-9] o.s.web.servlet.DispatcherServlet        : Completed 304 NOT_MODIFIED
2019-04-01 16:16:03.355 DEBUG 4624 --- [http-nio-8080-exec-8] o.s.web.servlet.DispatcherServlet        : GET "/scripts/artDialog/skins/default.css?4.1.7", parameters={masked}
2019-04-01 16:16:03.357 DEBUG 4624 --- [http-nio-8080-exec-8] o.s.w.s.handler.SimpleUrlHandlerMapping  : Mapped to ResourceHttpRequestHandler ["classpath:/META-INF/resources/", "classpath:/resources/", "classpath:/static/", "/"]
2019-04-01 16:16:03.360 DEBUG 4624 --- [http-nio-8080-exec-8] o.s.web.servlet.DispatcherServlet        : Completed 304 NOT_MODIFIED
2019-04-01 16:16:03.368 DEBUG 4624 --- [http-nio-8080-exec-7] o.s.web.servlet.DispatcherServlet        : GET "/images/login/btn.jpg", parameters={}
2019-04-01 16:16:03.371 DEBUG 4624 --- [http-nio-8080-exec-7] o.s.w.s.handler.SimpleUrlHandlerMapping  : Mapped to ResourceHttpRequestHandler ["classpath:/META-INF/resources/", "classpath:/resources/", "classpath:/static/", "/"]
2019-04-01 16:16:03.375 DEBUG 4624 --- [http-nio-8080-exec-7] o.s.web.servlet.DispatcherServlet        : Completed 304 NOT_MODIFIED
2019-04-01 16:16:03.615 DEBUG 4624 --- [http-nio-8080-exec-1] o.s.web.servlet.DispatcherServlet        : GET "/scripts/artDialog/skins/icons/loading.gif", parameters={}
2019-04-01 16:16:03.617 DEBUG 4624 --- [http-nio-8080-exec-1] o.s.w.s.handler.SimpleUrlHandlerMapping  : Mapped to ResourceHttpRequestHandler ["classpath:/META-INF/resources/", "classpath:/resources/", "classpath:/static/", "/"]
2019-04-01 16:16:03.619 DEBUG 4624 --- [http-nio-8080-exec-1] o.s.web.servlet.DispatcherServlet        : Completed 304 NOT_MODIFIED
2019-04-01 16:16:04.695 DEBUG 4624 --- [http-nio-8080-exec-5] o.s.web.servlet.DispatcherServlet        : GET "/fieldElementList", parameters={}
2019-04-01 16:16:04.696 DEBUG 4624 --- [http-nio-8080-exec-5] s.w.s.m.m.a.RequestMappingHandlerMapping : Mapped to public org.springframework.web.servlet.ModelAndView com.topcheer.spdbybt.controller.SysElemController.fieldElementList(com.topcheer.spdbybt.entity.YbtFieldElems,org.springframework.ui.Model,javax.servlet.http.HttpServletRequest,java.lang.Integer,java.lang.Integer) throws java.lang.Exception
2019-04-01 16:16:04.772  INFO 4624 --- [http-nio-8080-exec-5] c.t.s.controller.SysElemController       : 产品名称
2019-04-01 16:16:04.773  INFO 4624 --- [http-nio-8080-exec-5] c.t.s.controller.SysElemController       : 产品类型
2019-04-01 16:16:04.773  INFO 4624 --- [http-nio-8080-exec-5] c.t.s.controller.SysElemController       : 性别
2019-04-01 16:16:04.773  INFO 4624 --- [http-nio-8080-exec-5] c.t.s.controller.SysElemController       : 是否健康险
2019-04-01 16:16:04.773  INFO 4624 --- [http-nio-8080-exec-5] c.t.s.controller.SysElemController       : [普通写法] - [PageInfo{pageNum=1, pageSize=5, size=4, startRow=1, endRow=4, total=4, pages=1, list=Page{count=true, pageNum=1, pageSize=5, startRow=0, endRow=5, total=4, pages=1, reasonable=false, pageSizeZero=false}[com.topcheer.spdbybt.entity.YbtFieldElems@6c782a32, com.topcheer.spdbybt.entity.YbtFieldElems@72fc9cb6, com.topcheer.spdbybt.entity.YbtFieldElems@d660af, com.topcheer.spdbybt.entity.YbtFieldElems@36755b19], prePage=0, nextPage=0, isFirstPage=true, isLastPage=true, hasPreviousPage=false, hasNextPage=false, navigatePages=5, navigateFirstPage=1, navigateLastPage=1, navigatepageNums=[1]}]
2019-04-01 16:16:04.774 DEBUG 4624 --- [http-nio-8080-exec-5] o.s.w.s.v.ContentNegotiatingViewResolver : Selected 'text/html' given [text/html, application/xhtml+xml, image/webp, image/apng, application/xml;q=0.9, */*;q=0.8]
2019-04-01 16:16:04.825 DEBUG 4624 --- [http-nio-8080-exec-5] o.s.web.servlet.DispatcherServlet        : Completed 200 OK
2019-04-01 16:16:06.407 DEBUG 4624 --- [http-nio-8080-exec-6] o.s.web.servlet.DispatcherServlet        : GET "/dataElementList", parameters={}
2019-04-01 16:16:06.408 DEBUG 4624 --- [http-nio-8080-exec-6] s.w.s.m.m.a.RequestMappingHandlerMapping : Mapped to public org.springframework.web.servlet.ModelAndView com.topcheer.spdbybt.controller.SysElemController.dataElementList(com.topcheer.spdbybt.entity.YbtElemsOptions,org.springframework.ui.Model,javax.servlet.http.HttpServletRequest,java.lang.Integer,java.lang.Integer)
2019-04-01 16:16:06.463  INFO 4624 --- [http-nio-8080-exec-6] c.t.s.controller.SysElemController       : 产品类型
2019-04-01 16:16:06.463  INFO 4624 --- [http-nio-8080-exec-6] c.t.s.controller.SysElemController       : 产品类型
2019-04-01 16:16:06.463  INFO 4624 --- [http-nio-8080-exec-6] c.t.s.controller.SysElemController       : 产品类型
2019-04-01 16:16:06.463  INFO 4624 --- [http-nio-8080-exec-6] c.t.s.controller.SysElemController       : 性别
2019-04-01 16:16:06.464  INFO 4624 --- [http-nio-8080-exec-6] c.t.s.controller.SysElemController       : 性别
2019-04-01 16:16:06.464  INFO 4624 --- [http-nio-8080-exec-6] c.t.s.controller.SysElemController       : [普通写法] - [PageInfo{pageNum=1, pageSize=5, size=5, startRow=1, endRow=5, total=8, pages=2, list=Page{count=true, pageNum=1, pageSize=5, startRow=0, endRow=5, total=8, pages=2, reasonable=false, pageSizeZero=false}[com.topcheer.spdbybt.entity.YbtElemsOptions@67dc8c9a, com.topcheer.spdbybt.entity.YbtElemsOptions@1afb6a86, com.topcheer.spdbybt.entity.YbtElemsOptions@3352c795, com.topcheer.spdbybt.entity.YbtElemsOptions@7cc459b7, com.topcheer.spdbybt.entity.YbtElemsOptions@7fffb2e9], prePage=0, nextPage=2, isFirstPage=true, isLastPage=false, hasPreviousPage=false, hasNextPage=true, navigatePages=5, navigateFirstPage=1, navigateLastPage=2, navigatepageNums=[1, 2]}]
2019-04-01 16:16:06.465 DEBUG 4624 --- [http-nio-8080-exec-6] o.s.w.s.v.ContentNegotiatingViewResolver : Selected 'text/html' given [text/html, application/xhtml+xml, image/webp, image/apng, application/xml;q=0.9, */*;q=0.8]
2019-04-01 16:16:06.495 DEBUG 4624 --- [http-nio-8080-exec-6] o.s.web.servlet.DispatcherServlet        : Completed 200 OK
2019-04-01 16:16:08.011 DEBUG 4624 --- [http-nio-8080-exec-4] o.s.web.servlet.DispatcherServlet        : GET "/bxcp", parameters={}
2019-04-01 16:16:08.012 DEBUG 4624 --- [http-nio-8080-exec-4] o.s.w.s.handler.SimpleUrlHandlerMapping  : Mapped to ResourceHttpRequestHandler ["classpath:/META-INF/resources/", "classpath:/resources/", "classpath:/static/", "/"]
2019-04-01 16:16:08.020 DEBUG 4624 --- [http-nio-8080-exec-4] o.s.w.s.r.ResourceHttpRequestHandler     : Resource not found
2019-04-01 16:16:08.021 DEBUG 4624 --- [http-nio-8080-exec-4] o.s.web.servlet.DispatcherServlet        : Completed 404 NOT_FOUND
2019-04-01 16:16:08.022 DEBUG 4624 --- [http-nio-8080-exec-4] o.s.web.servlet.DispatcherServlet        : "ERROR" dispatch for GET "/error", parameters={}
2019-04-01 16:16:08.023 DEBUG 4624 --- [http-nio-8080-exec-4] s.w.s.m.m.a.RequestMappingHandlerMapping : Mapped to public org.springframework.web.servlet.ModelAndView org.springframework.boot.autoconfigure.web.servlet.error.BasicErrorController.errorHtml(javax.servlet.http.HttpServletRequest,javax.servlet.http.HttpServletResponse)
2019-04-01 16:16:08.045 DEBUG 4624 --- [http-nio-8080-exec-4] o.s.w.s.v.ContentNegotiatingViewResolver : Selected 'text/html' given [text/html, text/html;q=0.8]
2019-04-01 16:16:08.081 DEBUG 4624 --- [http-nio-8080-exec-4] o.s.web.servlet.DispatcherServlet        : Exiting from "ERROR" dispatch, status 404
2019-04-01 16:16:09.574 DEBUG 4624 --- [http-nio-8080-exec-2] o.s.web.servlet.DispatcherServlet        : GET "/dataElementList", parameters={}
2019-04-01 16:16:09.575 DEBUG 4624 --- [http-nio-8080-exec-2] s.w.s.m.m.a.RequestMappingHandlerMapping : Mapped to public org.springframework.web.servlet.ModelAndView com.topcheer.spdbybt.controller.SysElemController.dataElementList(com.topcheer.spdbybt.entity.YbtElemsOptions,org.springframework.ui.Model,javax.servlet.http.HttpServletRequest,java.lang.Integer,java.lang.Integer)
2019-04-01 16:16:09.588  INFO 4624 --- [http-nio-8080-exec-2] c.t.s.controller.SysElemController       : 产品类型
2019-04-01 16:16:09.588  INFO 4624 --- [http-nio-8080-exec-2] c.t.s.controller.SysElemController       : 产品类型
2019-04-01 16:16:09.588  INFO 4624 --- [http-nio-8080-exec-2] c.t.s.controller.SysElemController       : 产品类型
2019-04-01 16:16:09.588  INFO 4624 --- [http-nio-8080-exec-2] c.t.s.controller.SysElemController       : 性别
2019-04-01 16:16:09.588  INFO 4624 --- [http-nio-8080-exec-2] c.t.s.controller.SysElemController       : 性别
2019-04-01 16:16:09.588  INFO 4624 --- [http-nio-8080-exec-2] c.t.s.controller.SysElemController       : [普通写法] - [PageInfo{pageNum=1, pageSize=5, size=5, startRow=1, endRow=5, total=8, pages=2, list=Page{count=true, pageNum=1, pageSize=5, startRow=0, endRow=5, total=8, pages=2, reasonable=false, pageSizeZero=false}[com.topcheer.spdbybt.entity.YbtElemsOptions@13b54c63, com.topcheer.spdbybt.entity.YbtElemsOptions@e4a0733, com.topcheer.spdbybt.entity.YbtElemsOptions@3d45d026, com.topcheer.spdbybt.entity.YbtElemsOptions@241efb60, com.topcheer.spdbybt.entity.YbtElemsOptions@1d716dd4], prePage=0, nextPage=2, isFirstPage=true, isLastPage=false, hasPreviousPage=false, hasNextPage=true, navigatePages=5, navigateFirstPage=1, navigateLastPage=2, navigatepageNums=[1, 2]}]
2019-04-01 16:16:09.589 DEBUG 4624 --- [http-nio-8080-exec-2] o.s.w.s.v.ContentNegotiatingViewResolver : Selected 'text/html' given [text/html, application/xhtml+xml, image/webp, image/apng, application/xml;q=0.9, */*;q=0.8]
2019-04-01 16:16:09.607 DEBUG 4624 --- [http-nio-8080-exec-2] o.s.web.servlet.DispatcherServlet        : Completed 200 OK
2019-04-01 16:16:10.805 DEBUG 4624 --- [http-nio-8080-exec-10] o.s.web.servlet.DispatcherServlet        : GET "/fieldElementList", parameters={}
2019-04-01 16:16:10.805 DEBUG 4624 --- [http-nio-8080-exec-10] s.w.s.m.m.a.RequestMappingHandlerMapping : Mapped to public org.springframework.web.servlet.ModelAndView com.topcheer.spdbybt.controller.SysElemController.fieldElementList(com.topcheer.spdbybt.entity.YbtFieldElems,org.springframework.ui.Model,javax.servlet.http.HttpServletRequest,java.lang.Integer,java.lang.Integer) throws java.lang.Exception
2019-04-01 16:16:10.830  INFO 4624 --- [http-nio-8080-exec-10] c.t.s.controller.SysElemController       : 产品名称
2019-04-01 16:16:10.831  INFO 4624 --- [http-nio-8080-exec-10] c.t.s.controller.SysElemController       : 产品类型
2019-04-01 16:16:10.831  INFO 4624 --- [http-nio-8080-exec-10] c.t.s.controller.SysElemController       : 性别
2019-04-01 16:16:10.831  INFO 4624 --- [http-nio-8080-exec-10] c.t.s.controller.SysElemController       : 是否健康险
2019-04-01 16:16:10.831  INFO 4624 --- [http-nio-8080-exec-10] c.t.s.controller.SysElemController       : [普通写法] - [PageInfo{pageNum=1, pageSize=5, size=4, startRow=1, endRow=4, total=4, pages=1, list=Page{count=true, pageNum=1, pageSize=5, startRow=0, endRow=5, total=4, pages=1, reasonable=false, pageSizeZero=false}[com.topcheer.spdbybt.entity.YbtFieldElems@75c57817, com.topcheer.spdbybt.entity.YbtFieldElems@13b04ce5, com.topcheer.spdbybt.entity.YbtFieldElems@34e92ca3, com.topcheer.spdbybt.entity.YbtFieldElems@50e71445], prePage=0, nextPage=0, isFirstPage=true, isLastPage=true, hasPreviousPage=false, hasNextPage=false, navigatePages=5, navigateFirstPage=1, navigateLastPage=1, navigatepageNums=[1]}]
2019-04-01 16:16:10.832 DEBUG 4624 --- [http-nio-8080-exec-10] o.s.w.s.v.ContentNegotiatingViewResolver : Selected 'text/html' given [text/html, application/xhtml+xml, image/webp, image/apng, application/xml;q=0.9, */*;q=0.8]
2019-04-01 16:16:10.851 DEBUG 4624 --- [http-nio-8080-exec-10] o.s.web.servlet.DispatcherServlet        : Completed 200 OK
2019-04-01 16:16:13.297 DEBUG 4624 --- [http-nio-8080-exec-3] o.s.web.servlet.DispatcherServlet        : GET "/images/login/btn_hover.jpg", parameters={}
2019-04-01 16:16:13.299 DEBUG 4624 --- [http-nio-8080-exec-3] o.s.w.s.handler.SimpleUrlHandlerMapping  : Mapped to ResourceHttpRequestHandler ["classpath:/META-INF/resources/", "classpath:/resources/", "classpath:/static/", "/"]
2019-04-01 16:16:13.303 DEBUG 4624 --- [http-nio-8080-exec-3] o.s.web.servlet.DispatcherServlet        : Completed 304 NOT_MODIFIED
2019-04-01 16:16:13.701 DEBUG 4624 --- [http-nio-8080-exec-9] o.s.web.servlet.DispatcherServlet        : POST "/fieldElementList", parameters={masked}
2019-04-01 16:16:13.701 DEBUG 4624 --- [http-nio-8080-exec-9] s.w.s.m.m.a.RequestMappingHandlerMapping : Mapped to public org.springframework.web.servlet.ModelAndView com.topcheer.spdbybt.controller.SysElemController.fieldElementList(com.topcheer.spdbybt.entity.YbtFieldElems,org.springframework.ui.Model,javax.servlet.http.HttpServletRequest,java.lang.Integer,java.lang.Integer) throws java.lang.Exception
2019-04-01 16:16:13.770  INFO 4624 --- [http-nio-8080-exec-9] c.t.s.controller.SysElemController       : 产品名称
2019-04-01 16:16:13.771  INFO 4624 --- [http-nio-8080-exec-9] c.t.s.controller.SysElemController       : 产品类型
2019-04-01 16:16:13.771  INFO 4624 --- [http-nio-8080-exec-9] c.t.s.controller.SysElemController       : 性别
2019-04-01 16:16:13.771  INFO 4624 --- [http-nio-8080-exec-9] c.t.s.controller.SysElemController       : 是否健康险
2019-04-01 16:16:13.771  INFO 4624 --- [http-nio-8080-exec-9] c.t.s.controller.SysElemController       : [普通写法] - [PageInfo{pageNum=1, pageSize=5, size=4, startRow=1, endRow=4, total=4, pages=1, list=Page{count=true, pageNum=1, pageSize=5, startRow=0, endRow=5, total=4, pages=1, reasonable=false, pageSizeZero=false}[com.topcheer.spdbybt.entity.YbtFieldElems@19614da1, com.topcheer.spdbybt.entity.YbtFieldElems@6f3be406, com.topcheer.spdbybt.entity.YbtFieldElems@5af05e0e, com.topcheer.spdbybt.entity.YbtFieldElems@6eaaa30c], prePage=0, nextPage=0, isFirstPage=true, isLastPage=true, hasPreviousPage=false, hasNextPage=false, navigatePages=5, navigateFirstPage=1, navigateLastPage=1, navigatepageNums=[1]}]
2019-04-01 16:16:13.772 DEBUG 4624 --- [http-nio-8080-exec-9] o.s.w.s.v.ContentNegotiatingViewResolver : Selected 'text/html' given [text/html, application/xhtml+xml, image/webp, image/apng, application/xml;q=0.9, */*;q=0.8]
2019-04-01 16:16:13.785 DEBUG 4624 --- [http-nio-8080-exec-9] o.s.web.servlet.DispatcherServlet        : Completed 200 OK
2019-04-01 16:16:17.176 DEBUG 4624 --- [http-nio-8080-exec-8] o.s.web.servlet.DispatcherServlet        : GET "/dataElementList", parameters={}
2019-04-01 16:16:17.177 DEBUG 4624 --- [http-nio-8080-exec-8] s.w.s.m.m.a.RequestMappingHandlerMapping : Mapped to public org.springframework.web.servlet.ModelAndView com.topcheer.spdbybt.controller.SysElemController.dataElementList(com.topcheer.spdbybt.entity.YbtElemsOptions,org.springframework.ui.Model,javax.servlet.http.HttpServletRequest,java.lang.Integer,java.lang.Integer)
2019-04-01 16:16:17.193  INFO 4624 --- [http-nio-8080-exec-8] c.t.s.controller.SysElemController       : 产品类型
2019-04-01 16:16:17.194  INFO 4624 --- [http-nio-8080-exec-8] c.t.s.controller.SysElemController       : 产品类型
2019-04-01 16:16:17.194  INFO 4624 --- [http-nio-8080-exec-8] c.t.s.controller.SysElemController       : 产品类型
2019-04-01 16:16:17.194  INFO 4624 --- [http-nio-8080-exec-8] c.t.s.controller.SysElemController       : 性别
2019-04-01 16:16:17.194  INFO 4624 --- [http-nio-8080-exec-8] c.t.s.controller.SysElemController       : 性别
2019-04-01 16:16:17.194  INFO 4624 --- [http-nio-8080-exec-8] c.t.s.controller.SysElemController       : [普通写法] - [PageInfo{pageNum=1, pageSize=5, size=5, startRow=1, endRow=5, total=8, pages=2, list=Page{count=true, pageNum=1, pageSize=5, startRow=0, endRow=5, total=8, pages=2, reasonable=false, pageSizeZero=false}[com.topcheer.spdbybt.entity.YbtElemsOptions@674efb71, com.topcheer.spdbybt.entity.YbtElemsOptions@26c06329, com.topcheer.spdbybt.entity.YbtElemsOptions@705c7946, com.topcheer.spdbybt.entity.YbtElemsOptions@6b2d2dee, com.topcheer.spdbybt.entity.YbtElemsOptions@7b28c689], prePage=0, nextPage=2, isFirstPage=true, isLastPage=false, hasPreviousPage=false, hasNextPage=true, navigatePages=5, navigateFirstPage=1, navigateLastPage=2, navigatepageNums=[1, 2]}]
2019-04-01 16:16:17.196 DEBUG 4624 --- [http-nio-8080-exec-8] o.s.w.s.v.ContentNegotiatingViewResolver : Selected 'text/html' given [text/html, application/xhtml+xml, image/webp, image/apng, application/xml;q=0.9, */*;q=0.8]
2019-04-01 16:16:17.218 DEBUG 4624 --- [http-nio-8080-exec-8] o.s.web.servlet.DispatcherServlet        : Completed 200 OK
2019-04-01 16:16:23.472 DEBUG 4624 --- [http-nio-8080-exec-7] o.s.web.servlet.DispatcherServlet        : GET "/dataElementList?pageNum=2", parameters={masked}
2019-04-01 16:16:23.472 DEBUG 4624 --- [http-nio-8080-exec-7] s.w.s.m.m.a.RequestMappingHandlerMapping : Mapped to public org.springframework.web.servlet.ModelAndView com.topcheer.spdbybt.controller.SysElemController.dataElementList(com.topcheer.spdbybt.entity.YbtElemsOptions,org.springframework.ui.Model,javax.servlet.http.HttpServletRequest,java.lang.Integer,java.lang.Integer)
2019-04-01 16:16:23.496  INFO 4624 --- [http-nio-8080-exec-7] c.t.s.controller.SysElemController       : 性别
2019-04-01 16:16:23.496  INFO 4624 --- [http-nio-8080-exec-7] c.t.s.controller.SysElemController       : 性别
2019-04-01 16:16:23.496  INFO 4624 --- [http-nio-8080-exec-7] c.t.s.controller.SysElemController       : 性别
2019-04-01 16:16:23.496  INFO 4624 --- [http-nio-8080-exec-7] c.t.s.controller.SysElemController       : [普通写法] - [PageInfo{pageNum=2, pageSize=5, size=3, startRow=6, endRow=8, total=8, pages=2, list=Page{count=true, pageNum=2, pageSize=5, startRow=5, endRow=10, total=8, pages=2, reasonable=false, pageSizeZero=false}[com.topcheer.spdbybt.entity.YbtElemsOptions@493a9694, com.topcheer.spdbybt.entity.YbtElemsOptions@337c5a58, com.topcheer.spdbybt.entity.YbtElemsOptions@73539051], prePage=1, nextPage=0, isFirstPage=false, isLastPage=true, hasPreviousPage=true, hasNextPage=false, navigatePages=5, navigateFirstPage=1, navigateLastPage=2, navigatepageNums=[1, 2]}]
2019-04-01 16:16:23.497 DEBUG 4624 --- [http-nio-8080-exec-7] o.s.w.s.v.ContentNegotiatingViewResolver : Selected 'text/html' given [text/html, application/xhtml+xml, image/webp, image/apng, application/xml;q=0.9, */*;q=0.8]
2019-04-01 16:16:23.513 DEBUG 4624 --- [http-nio-8080-exec-7] o.s.web.servlet.DispatcherServlet        : Completed 200 OK
2019-04-01 16:16:26.663 DEBUG 4624 --- [http-nio-8080-exec-1] o.s.web.servlet.DispatcherServlet        : GET "/dataElementList?pageNum=1", parameters={masked}
2019-04-01 16:16:26.664 DEBUG 4624 --- [http-nio-8080-exec-1] s.w.s.m.m.a.RequestMappingHandlerMapping : Mapped to public org.springframework.web.servlet.ModelAndView com.topcheer.spdbybt.controller.SysElemController.dataElementList(com.topcheer.spdbybt.entity.YbtElemsOptions,org.springframework.ui.Model,javax.servlet.http.HttpServletRequest,java.lang.Integer,java.lang.Integer)
2019-04-01 16:16:26.676  INFO 4624 --- [http-nio-8080-exec-1] c.t.s.controller.SysElemController       : 产品类型
2019-04-01 16:16:26.676  INFO 4624 --- [http-nio-8080-exec-1] c.t.s.controller.SysElemController       : 产品类型
2019-04-01 16:16:26.676  INFO 4624 --- [http-nio-8080-exec-1] c.t.s.controller.SysElemController       : 产品类型
2019-04-01 16:16:26.677  INFO 4624 --- [http-nio-8080-exec-1] c.t.s.controller.SysElemController       : 性别
2019-04-01 16:16:26.677  INFO 4624 --- [http-nio-8080-exec-1] c.t.s.controller.SysElemController       : 性别
2019-04-01 16:16:26.677  INFO 4624 --- [http-nio-8080-exec-1] c.t.s.controller.SysElemController       : [普通写法] - [PageInfo{pageNum=1, pageSize=5, size=5, startRow=1, endRow=5, total=8, pages=2, list=Page{count=true, pageNum=1, pageSize=5, startRow=0, endRow=5, total=8, pages=2, reasonable=false, pageSizeZero=false}[com.topcheer.spdbybt.entity.YbtElemsOptions@7599d3e5, com.topcheer.spdbybt.entity.YbtElemsOptions@734f83e4, com.topcheer.spdbybt.entity.YbtElemsOptions@66012b60, com.topcheer.spdbybt.entity.YbtElemsOptions@13f7dc43, com.topcheer.spdbybt.entity.YbtElemsOptions@284a3323], prePage=0, nextPage=2, isFirstPage=true, isLastPage=false, hasPreviousPage=false, hasNextPage=true, navigatePages=5, navigateFirstPage=1, navigateLastPage=2, navigatepageNums=[1, 2]}]
2019-04-01 16:16:26.678 DEBUG 4624 --- [http-nio-8080-exec-1] o.s.w.s.v.ContentNegotiatingViewResolver : Selected 'text/html' given [text/html, application/xhtml+xml, image/webp, image/apng, application/xml;q=0.9, */*;q=0.8]
2019-04-01 16:16:26.693 DEBUG 4624 --- [http-nio-8080-exec-1] o.s.web.servlet.DispatcherServlet        : Completed 200 OK
2019-04-01 16:16:32.428 DEBUG 4624 --- [http-nio-8080-exec-5] o.s.web.servlet.DispatcherServlet        : GET "/dataElementList?pageNum=2", parameters={masked}
2019-04-01 16:16:32.429 DEBUG 4624 --- [http-nio-8080-exec-5] s.w.s.m.m.a.RequestMappingHandlerMapping : Mapped to public org.springframework.web.servlet.ModelAndView com.topcheer.spdbybt.controller.SysElemController.dataElementList(com.topcheer.spdbybt.entity.YbtElemsOptions,org.springframework.ui.Model,javax.servlet.http.HttpServletRequest,java.lang.Integer,java.lang.Integer)
2019-04-01 16:16:32.443  INFO 4624 --- [http-nio-8080-exec-5] c.t.s.controller.SysElemController       : 性别
2019-04-01 16:16:32.443  INFO 4624 --- [http-nio-8080-exec-5] c.t.s.controller.SysElemController       : 性别
2019-04-01 16:16:32.443  INFO 4624 --- [http-nio-8080-exec-5] c.t.s.controller.SysElemController       : 性别
2019-04-01 16:16:32.443  INFO 4624 --- [http-nio-8080-exec-5] c.t.s.controller.SysElemController       : [普通写法] - [PageInfo{pageNum=2, pageSize=5, size=3, startRow=6, endRow=8, total=8, pages=2, list=Page{count=true, pageNum=2, pageSize=5, startRow=5, endRow=10, total=8, pages=2, reasonable=false, pageSizeZero=false}[com.topcheer.spdbybt.entity.YbtElemsOptions@59524196, com.topcheer.spdbybt.entity.YbtElemsOptions@553039c8, com.topcheer.spdbybt.entity.YbtElemsOptions@4d71cd6a], prePage=1, nextPage=0, isFirstPage=false, isLastPage=true, hasPreviousPage=true, hasNextPage=false, navigatePages=5, navigateFirstPage=1, navigateLastPage=2, navigatepageNums=[1, 2]}]
2019-04-01 16:16:32.444 DEBUG 4624 --- [http-nio-8080-exec-5] o.s.w.s.v.ContentNegotiatingViewResolver : Selected 'text/html' given [text/html, application/xhtml+xml, image/webp, image/apng, application/xml;q=0.9, */*;q=0.8]
2019-04-01 16:16:32.457 DEBUG 4624 --- [http-nio-8080-exec-5] o.s.web.servlet.DispatcherServlet        : Completed 200 OK
2019-04-01 16:16:36.726 DEBUG 4624 --- [http-nio-8080-exec-6] o.s.web.servlet.DispatcherServlet        : GET "/delOptionElem/1/01/1003", parameters={}
2019-04-01 16:16:36.727 DEBUG 4624 --- [http-nio-8080-exec-6] s.w.s.m.m.a.RequestMappingHandlerMapping : Mapped to public java.lang.String com.topcheer.spdbybt.controller.SysElemController.delFieldElem(java.lang.String,java.lang.String,java.lang.String)
2019-04-01 16:16:37.078 DEBUG 4624 --- [http-nio-8080-exec-6] o.s.web.servlet.view.RedirectView        : View name 'redirect:/dataElementList', model {}
2019-04-01 16:16:37.079 DEBUG 4624 --- [http-nio-8080-exec-6] o.s.web.servlet.DispatcherServlet        : Completed 302 FOUND
2019-04-01 16:16:37.083 DEBUG 4624 --- [http-nio-8080-exec-4] o.s.web.servlet.DispatcherServlet        : GET "/dataElementList", parameters={}
2019-04-01 16:16:37.083 DEBUG 4624 --- [http-nio-8080-exec-4] s.w.s.m.m.a.RequestMappingHandlerMapping : Mapped to public org.springframework.web.servlet.ModelAndView com.topcheer.spdbybt.controller.SysElemController.dataElementList(com.topcheer.spdbybt.entity.YbtElemsOptions,org.springframework.ui.Model,javax.servlet.http.HttpServletRequest,java.lang.Integer,java.lang.Integer)
2019-04-01 16:16:37.093  INFO 4624 --- [http-nio-8080-exec-4] c.t.s.controller.SysElemController       : 产品类型
2019-04-01 16:16:37.093  INFO 4624 --- [http-nio-8080-exec-4] c.t.s.controller.SysElemController       : 产品类型
2019-04-01 16:16:37.093  INFO 4624 --- [http-nio-8080-exec-4] c.t.s.controller.SysElemController       : 产品类型
2019-04-01 16:16:37.093  INFO 4624 --- [http-nio-8080-exec-4] c.t.s.controller.SysElemController       : 性别
2019-04-01 16:16:37.093  INFO 4624 --- [http-nio-8080-exec-4] c.t.s.controller.SysElemController       : 性别
2019-04-01 16:16:37.093  INFO 4624 --- [http-nio-8080-exec-4] c.t.s.controller.SysElemController       : [普通写法] - [PageInfo{pageNum=1, pageSize=5, size=5, startRow=1, endRow=5, total=5, pages=1, list=Page{count=true, pageNum=1, pageSize=5, startRow=0, endRow=5, total=5, pages=1, reasonable=false, pageSizeZero=false}[com.topcheer.spdbybt.entity.YbtElemsOptions@381394df, com.topcheer.spdbybt.entity.YbtElemsOptions@422aedf6, com.topcheer.spdbybt.entity.YbtElemsOptions@68afd1f3, com.topcheer.spdbybt.entity.YbtElemsOptions@30a34cf3, com.topcheer.spdbybt.entity.YbtElemsOptions@14b29354], prePage=0, nextPage=0, isFirstPage=true, isLastPage=true, hasPreviousPage=false, hasNextPage=false, navigatePages=5, navigateFirstPage=1, navigateLastPage=1, navigatepageNums=[1]}]
2019-04-01 16:16:37.094 DEBUG 4624 --- [http-nio-8080-exec-4] o.s.w.s.v.ContentNegotiatingViewResolver : Selected 'text/html' given [text/html, application/xhtml+xml, image/webp, image/apng, application/xml;q=0.9, */*;q=0.8]
2019-04-01 16:16:37.110 DEBUG 4624 --- [http-nio-8080-exec-4] o.s.web.servlet.DispatcherServlet        : Completed 200 OK
2019-04-01 16:16:43.166 DEBUG 4624 --- [http-nio-8080-exec-2] o.s.web.servlet.DispatcherServlet        : GET "/dataElementList?pageNum=0", parameters={masked}
2019-04-01 16:16:43.167 DEBUG 4624 --- [http-nio-8080-exec-2] s.w.s.m.m.a.RequestMappingHandlerMapping : Mapped to public org.springframework.web.servlet.ModelAndView com.topcheer.spdbybt.controller.SysElemController.dataElementList(com.topcheer.spdbybt.entity.YbtElemsOptions,org.springframework.ui.Model,javax.servlet.http.HttpServletRequest,java.lang.Integer,java.lang.Integer)
2019-04-01 16:16:43.180  INFO 4624 --- [http-nio-8080-exec-2] c.t.s.controller.SysElemController       : 产品类型
2019-04-01 16:16:43.181  INFO 4624 --- [http-nio-8080-exec-2] c.t.s.controller.SysElemController       : 产品类型
2019-04-01 16:16:43.181  INFO 4624 --- [http-nio-8080-exec-2] c.t.s.controller.SysElemController       : 产品类型
2019-04-01 16:16:43.181  INFO 4624 --- [http-nio-8080-exec-2] c.t.s.controller.SysElemController       : 性别
2019-04-01 16:16:43.181  INFO 4624 --- [http-nio-8080-exec-2] c.t.s.controller.SysElemController       : 性别
2019-04-01 16:16:43.181  INFO 4624 --- [http-nio-8080-exec-2] c.t.s.controller.SysElemController       : [普通写法] - [PageInfo{pageNum=1, pageSize=5, size=5, startRow=1, endRow=5, total=5, pages=1, list=Page{count=true, pageNum=1, pageSize=5, startRow=0, endRow=5, total=5, pages=1, reasonable=false, pageSizeZero=false}[com.topcheer.spdbybt.entity.YbtElemsOptions@59c68bf0, com.topcheer.spdbybt.entity.YbtElemsOptions@4f6215ec, com.topcheer.spdbybt.entity.YbtElemsOptions@3431f83, com.topcheer.spdbybt.entity.YbtElemsOptions@25c07d07, com.topcheer.spdbybt.entity.YbtElemsOptions@48b4eb44], prePage=0, nextPage=0, isFirstPage=true, isLastPage=true, hasPreviousPage=false, hasNextPage=false, navigatePages=5, navigateFirstPage=1, navigateLastPage=1, navigatepageNums=[1]}]
2019-04-01 16:16:43.182 DEBUG 4624 --- [http-nio-8080-exec-2] o.s.w.s.v.ContentNegotiatingViewResolver : Selected 'text/html' given [text/html, application/xhtml+xml, image/webp, image/apng, application/xml;q=0.9, */*;q=0.8]
2019-04-01 16:16:43.198 DEBUG 4624 --- [http-nio-8080-exec-2] o.s.web.servlet.DispatcherServlet        : Completed 200 OK
2019-04-01 16:16:52.402 DEBUG 4624 --- [http-nio-8080-exec-10] o.s.web.servlet.DispatcherServlet        : GET "/fieldElementList", parameters={}
2019-04-01 16:16:52.403 DEBUG 4624 --- [http-nio-8080-exec-10] s.w.s.m.m.a.RequestMappingHandlerMapping : Mapped to public org.springframework.web.servlet.ModelAndView com.topcheer.spdbybt.controller.SysElemController.fieldElementList(com.topcheer.spdbybt.entity.YbtFieldElems,org.springframework.ui.Model,javax.servlet.http.HttpServletRequest,java.lang.Integer,java.lang.Integer) throws java.lang.Exception
2019-04-01 16:16:52.425  INFO 4624 --- [http-nio-8080-exec-10] c.t.s.controller.SysElemController       : 产品名称
2019-04-01 16:16:52.425  INFO 4624 --- [http-nio-8080-exec-10] c.t.s.controller.SysElemController       : 产品类型
2019-04-01 16:16:52.425  INFO 4624 --- [http-nio-8080-exec-10] c.t.s.controller.SysElemController       : 性别
2019-04-01 16:16:52.425  INFO 4624 --- [http-nio-8080-exec-10] c.t.s.controller.SysElemController       : 是否健康险
2019-04-01 16:16:52.425  INFO 4624 --- [http-nio-8080-exec-10] c.t.s.controller.SysElemController       : [普通写法] - [PageInfo{pageNum=1, pageSize=5, size=4, startRow=1, endRow=4, total=4, pages=1, list=Page{count=true, pageNum=1, pageSize=5, startRow=0, endRow=5, total=4, pages=1, reasonable=false, pageSizeZero=false}[com.topcheer.spdbybt.entity.YbtFieldElems@252c8cfb, com.topcheer.spdbybt.entity.YbtFieldElems@16c0da36, com.topcheer.spdbybt.entity.YbtFieldElems@316431d0, com.topcheer.spdbybt.entity.YbtFieldElems@48944e5], prePage=0, nextPage=0, isFirstPage=true, isLastPage=true, hasPreviousPage=false, hasNextPage=false, navigatePages=5, navigateFirstPage=1, navigateLastPage=1, navigatepageNums=[1]}]
2019-04-01 16:16:52.426 DEBUG 4624 --- [http-nio-8080-exec-10] o.s.w.s.v.ContentNegotiatingViewResolver : Selected 'text/html' given [text/html, application/xhtml+xml, image/webp, image/apng, application/xml;q=0.9, */*;q=0.8]
2019-04-01 16:16:52.444 DEBUG 4624 --- [http-nio-8080-exec-10] o.s.web.servlet.DispatcherServlet        : Completed 200 OK
